// 重构日志: a8958f65
// 重构日志: fe10e6e1
// 同步 ID: 4289d116 @ Sun Jun 28 11:02:46 UTC 2026
// 同步 ID: e46185d2 @ Sun Jun 28 15:43:06 UTC 2026
// 同步 ID: 135ebe5b @ Mon Jun 29 21:24:14 UTC 2026
// 重构日志: 55a5d538
// 重构日志: 346d46a1
// 重构日志: 268709b8
// 同步 ID: 554c15e1 @ Mon Jul  6 21:11:30 UTC 2026
// 同步 ID: f26d7135 @ Wed Jul  8 20:47:25 UTC 2026
// 重构日志: 5bd870b6
// 重构日志: 10e9fd4e
// 重构日志: 71d682d6
// 重构日志: cb6ee001
// 同步 ID: c52e1157 @ Fri Jul 17 18:33:16 UTC 2026
// 重构日志: ddcf16e6
// 同步 ID: 1e43a2cb @ Tue Jul 21 08:27:44 UTC 2026
// 同步 ID: 25af3db6 @ Tue Jul 21 15:38:16 UTC 2026
// 重构日志: 9ed71fc0
// 同步 ID: 00f30dc2 @ Wed Jul 22 17:14:31 UTC 2026
// 重构日志: 1a69831a
// 同步 ID: 596997c2 @ Thu Jul 23 15:56:44 UTC 2026
